<?xml version="1.0" encoding="UTF-8"?>
<!-- Generated by org.testng.reporters.JUnitReportReporter -->
<testsuite hostname="naveen" failures="0" tests="1" name="com.actitime.testscript.CustomerModule" time="6.196" errors="0" timestamp="2024-10-23T00:17:20 IST" skipped="0">
  <testcase classname="com.actitime.testscript.CustomerModule" name="createCustomer" time="6.196"/>
</testsuite> <!-- com.actitime.testscript.CustomerModule -->
